h:\projects-sideprojects\sm-yhaniki\thirdparty\lua-5.0\obj\lzio.obj
h:\projects-sideprojects\sm-yhaniki\thirdparty\lua-5.0\obj\lvm.obj
h:\projects-sideprojects\sm-yhaniki\thirdparty\lua-5.0\obj\lundump.obj
h:\projects-sideprojects\sm-yhaniki\thirdparty\lua-5.0\obj\ltm.obj
h:\projects-sideprojects\sm-yhaniki\thirdparty\lua-5.0\obj\ltests.obj
h:\projects-sideprojects\sm-yhaniki\thirdparty\lua-5.0\obj\ltable.obj
h:\projects-sideprojects\sm-yhaniki\thirdparty\lua-5.0\obj\lstring.obj
h:\projects-sideprojects\sm-yhaniki\thirdparty\lua-5.0\obj\lstate.obj
h:\projects-sideprojects\sm-yhaniki\thirdparty\lua-5.0\obj\lparser.obj
h:\projects-sideprojects\sm-yhaniki\thirdparty\lua-5.0\obj\lopcodes.obj
h:\projects-sideprojects\sm-yhaniki\thirdparty\lua-5.0\obj\lobject.obj
h:\projects-sideprojects\sm-yhaniki\thirdparty\lua-5.0\obj\lmem.obj
h:\projects-sideprojects\sm-yhaniki\thirdparty\lua-5.0\obj\llex.obj
h:\projects-sideprojects\sm-yhaniki\thirdparty\lua-5.0\obj\lgc.obj
h:\projects-sideprojects\sm-yhaniki\thirdparty\lua-5.0\obj\lfunc.obj
h:\projects-sideprojects\sm-yhaniki\thirdparty\lua-5.0\obj\ldump.obj
h:\projects-sideprojects\sm-yhaniki\thirdparty\lua-5.0\obj\ldo.obj
h:\projects-sideprojects\sm-yhaniki\thirdparty\lua-5.0\obj\ldebug.obj
h:\projects-sideprojects\sm-yhaniki\thirdparty\lua-5.0\obj\lcode.obj
h:\projects-sideprojects\sm-yhaniki\thirdparty\lua-5.0\obj\lapi.obj
h:\projects-sideprojects\sm-yhaniki\thirdparty\lua-5.0\lib\liblua.lib
h:\projects-sideprojects\sm-yhaniki\thirdparty\lua-5.0\obj\liblua.tlog\cl.command.1.tlog
h:\projects-sideprojects\sm-yhaniki\thirdparty\lua-5.0\obj\liblua.tlog\cl.read.1.tlog
h:\projects-sideprojects\sm-yhaniki\thirdparty\lua-5.0\obj\liblua.tlog\cl.write.1.tlog
h:\projects-sideprojects\sm-yhaniki\thirdparty\lua-5.0\obj\liblua.tlog\lib-link.read.1.tlog
h:\projects-sideprojects\sm-yhaniki\thirdparty\lua-5.0\obj\liblua.tlog\lib-link.write.1.tlog
h:\projects-sideprojects\sm-yhaniki\thirdparty\lua-5.0\obj\liblua.tlog\lib.command.1.tlog
